<?xml version="1.0" encoding="UTF-8"?>
<testng-results ignored="0" total="2" passed="2" failed="0" skipped="0">
  <reporter-output>
  </reporter-output>
  <suite started-at="2024-02-11T09:27:27 IST" name="Default suite" finished-at="2024-02-11T09:30:25 IST" duration-ms="177997">
    <groups>
    </groups>
    <test started-at="2024-02-11T09:27:27 IST" name="Default test" finished-at="2024-02-11T09:30:25 IST" duration-ms="177997">
      <class name="tests.RegisterTestGrid_1">
        <test-method signature="setUp()[pri:1, instance:tests.RegisterTestGrid_1@3857f613]" started-at="2024-02-11T09:27:28 IST" name="setUp" finished-at="2024-02-11T09:30:20 IST" duration-ms="172270" status="PASS">
          <reporter-output>
          </reporter-output>
        </test-method> <!-- setUp -->
        <test-method is-config="true" signature="tearDown()[pri:0, instance:tests.RegisterTestGrid_1@3857f613]" started-at="2024-02-11T09:30:20 IST" name="tearDown" finished-at="2024-02-11T09:30:20 IST" duration-ms="2" status="PASS">
          <reporter-output>
          </reporter-output>
        </test-method> <!-- tearDown -->
        <test-method signature="testRegistration()[pri:2, instance:tests.RegisterTestGrid_1@3857f613]" started-at="2024-02-11T09:30:20 IST" name="testRegistration" finished-at="2024-02-11T09:30:25 IST" duration-ms="5661" status="PASS">
          <reporter-output>
          </reporter-output>
        </test-method> <!-- testRegistration -->
        <test-method is-config="true" signature="tearDown()[pri:0, instance:tests.RegisterTestGrid_1@3857f613]" started-at="2024-02-11T09:30:25 IST" name="tearDown" finished-at="2024-02-11T09:30:25 IST" duration-ms="1" status="PASS">
          <reporter-output>
          </reporter-output>
        </test-method> <!-- tearDown -->
      </class> <!-- tests.RegisterTestGrid_1 -->
    </test> <!-- Default test -->
  </suite> <!-- Default suite -->
</testng-results>
